{"/Users/coding/Desktop/FEC-Kickstand/comments-module/enzyme.config.js": {"path":"/Users/coding/Desktop/FEC-Kickstand/comments-module/enzyme.config.js","statementMap":{"0":{"start":{"line":4,"column":0},"end":{"line":4,"column":38}}},"fnMap":{},"branchMap":{},"s":{"0":1},"f":{},"b":{},"_coverageSchema":"332fd63041d2c1bcb487cc26dd0d5f7d97098a6c","hash":"7c9c6a03fb165d8db8bb8a472ffc14aa08eb1773"}
,"/Users/coding/Desktop/FEC-Kickstand/comments-module/client/src/components/App.jsx": {"path":"/Users/coding/Desktop/FEC-Kickstand/comments-module/client/src/components/App.jsx","statementMap":{"0":{"start":{"line":8,"column":4},"end":{"line":8,"column":12}},"1":{"start":{"line":9,"column":4},"end":{"line":11,"column":6}},"2":{"start":{"line":15,"column":4},"end":{"line":19,"column":7}},"3":{"start":{"line":16,"column":6},"end":{"line":18,"column":9}},"4":{"start":{"line":23,"column":4},"end":{"line":28,"column":6}}},"fnMap":{"0":{"name":"(anonymous_0)","decl":{"start":{"line":7,"column":2},"end":{"line":7,"column":3}},"loc":{"start":{"line":7,"column":16},"end":{"line":12,"column":3}},"line":7},"1":{"name":"(anonymous_1)","decl":{"start":{"line":14,"column":2},"end":{"line":14,"column":3}},"loc":{"start":{"line":14,"column":22},"end":{"line":20,"column":3}},"line":14},"2":{"name":"(anonymous_2)","decl":{"start":{"line":15,"column":23},"end":{"line":15,"column":24}},"loc":{"start":{"line":15,"column":33},"end":{"line":19,"column":5}},"line":15},"3":{"name":"(anonymous_3)","decl":{"start":{"line":22,"column":2},"end":{"line":22,"column":3}},"loc":{"start":{"line":22,"column":11},"end":{"line":29,"column":3}},"line":22}},"branchMap":{},"s":{"0":1,"1":1,"2":1,"3":0,"4":1},"f":{"0":1,"1":1,"2":0,"3":1},"b":{},"_coverageSchema":"332fd63041d2c1bcb487cc26dd0d5f7d97098a6c","hash":"22176d96771dd68acd54e250a216d44c4467ddc1"}
,"/Users/coding/Desktop/FEC-Kickstand/comments-module/client/src/components/Comment.jsx": {"path":"/Users/coding/Desktop/FEC-Kickstand/comments-module/client/src/components/Comment.jsx","statementMap":{"0":{"start":{"line":6,"column":16},"end":{"line":42,"column":1}},"1":{"start":{"line":7,"column":22},"end":{"line":7,"column":27}},"2":{"start":{"line":8,"column":28},"end":{"line":8,"column":50}},"3":{"start":{"line":9,"column":18},"end":{"line":9,"column":53}},"4":{"start":{"line":12,"column":2},"end":{"line":15,"column":3}},"5":{"start":{"line":13,"column":4},"end":{"line":13,"column":128}},"6":{"start":{"line":14,"column":4},"end":{"line":14,"column":56}},"7":{"start":{"line":16,"column":2},"end":{"line":41,"column":4}}},"fnMap":{"0":{"name":"(anonymous_0)","decl":{"start":{"line":6,"column":16},"end":{"line":6,"column":17}},"loc":{"start":{"line":6,"column":27},"end":{"line":42,"column":1}},"line":6}},"branchMap":{"0":{"loc":{"start":{"line":12,"column":2},"end":{"line":15,"column":3}},"type":"if","locations":[{"start":{"line":12,"column":2},"end":{"line":15,"column":3}},{"start":{"line":12,"column":2},"end":{"line":15,"column":3}}],"line":12}},"s":{"0":1,"1":11,"2":11,"3":11,"4":11,"5":3,"6":3,"7":11},"f":{"0":11},"b":{"0":[3,8]},"_coverageSchema":"332fd63041d2c1bcb487cc26dd0d5f7d97098a6c","hash":"54caddf50a975e18d809e0d4c7550cedaf2cd7f2"}
,"/Users/coding/Desktop/FEC-Kickstand/comments-module/client/src/components/List.jsx": {"path":"/Users/coding/Desktop/FEC-Kickstand/comments-module/client/src/components/List.jsx","statementMap":{"0":{"start":{"line":5,"column":13},"end":{"line":12,"column":1}},"1":{"start":{"line":6,"column":19},"end":{"line":6,"column":24}},"2":{"start":{"line":7,"column":2},"end":{"line":11,"column":4}},"3":{"start":{"line":9,"column":27},"end":{"line":9,"column":74}}},"fnMap":{"0":{"name":"(anonymous_0)","decl":{"start":{"line":5,"column":13},"end":{"line":5,"column":14}},"loc":{"start":{"line":5,"column":24},"end":{"line":12,"column":1}},"line":5},"1":{"name":"(anonymous_1)","decl":{"start":{"line":9,"column":16},"end":{"line":9,"column":17}},"loc":{"start":{"line":9,"column":27},"end":{"line":9,"column":74}},"line":9}},"branchMap":{},"s":{"0":1,"1":4,"2":4,"3":12},"f":{"0":4,"1":12},"b":{},"_coverageSchema":"332fd63041d2c1bcb487cc26dd0d5f7d97098a6c","hash":"f7fa052abb572cc6b5ba7d384d5db09f95d26e49"}
,"/Users/coding/Desktop/FEC-Kickstand/comments-module/client/src/components/Post.jsx": {"path":"/Users/coding/Desktop/FEC-Kickstand/comments-module/client/src/components/Post.jsx","statementMap":{"0":{"start":{"line":4,"column":13},"end":{"line":14,"column":1}},"1":{"start":{"line":5,"column":16},"end":{"line":5,"column":40}},"2":{"start":{"line":6,"column":2},"end":{"line":13,"column":4}}},"fnMap":{"0":{"name":"(anonymous_0)","decl":{"start":{"line":4,"column":13},"end":{"line":4,"column":14}},"loc":{"start":{"line":4,"column":19},"end":{"line":14,"column":1}},"line":4}},"branchMap":{},"s":{"0":1,"1":1,"2":1},"f":{"0":1},"b":{},"_coverageSchema":"332fd63041d2c1bcb487cc26dd0d5f7d97098a6c","hash":"df60a556f60f2f0276e853b1ef0c582d997027ab"}
,"/Users/coding/Desktop/FEC-Kickstand/comments-module/client/src/components/Replies.jsx": {"path":"/Users/coding/Desktop/FEC-Kickstand/comments-module/client/src/components/Replies.jsx","statementMap":{"0":{"start":{"line":4,"column":16},"end":{"line":11,"column":1}},"1":{"start":{"line":5,"column":22},"end":{"line":5,"column":27}},"2":{"start":{"line":6,"column":2},"end":{"line":10,"column":4}},"3":{"start":{"line":8,"column":39},"end":{"line":8,"column":76}}},"fnMap":{"0":{"name":"(anonymous_0)","decl":{"start":{"line":4,"column":16},"end":{"line":4,"column":17}},"loc":{"start":{"line":4,"column":27},"end":{"line":11,"column":1}},"line":4},"1":{"name":"(anonymous_1)","decl":{"start":{"line":8,"column":19},"end":{"line":8,"column":20}},"loc":{"start":{"line":8,"column":39},"end":{"line":8,"column":76}},"line":8}},"branchMap":{},"s":{"0":1,"1":6,"2":6,"3":5},"f":{"0":6,"1":5},"b":{},"_coverageSchema":"332fd63041d2c1bcb487cc26dd0d5f7d97098a6c","hash":"e1cf2f260eb9dc4a225a956e85b8478a41b5ebf5"}
,"/Users/coding/Desktop/FEC-Kickstand/comments-module/client/src/components/Reply.jsx": {"path":"/Users/coding/Desktop/FEC-Kickstand/comments-module/client/src/components/Reply.jsx","statementMap":{"0":{"start":{"line":5,"column":14},"end":{"line":40,"column":1}},"1":{"start":{"line":6,"column":20},"end":{"line":6,"column":25}},"2":{"start":{"line":7,"column":28},"end":{"line":7,"column":48}},"3":{"start":{"line":8,"column":18},"end":{"line":8,"column":51}},"4":{"start":{"line":11,"column":26},"end":{"line":11,"column":69}},"5":{"start":{"line":12,"column":2},"end":{"line":15,"column":3}},"6":{"start":{"line":13,"column":4},"end":{"line":13,"column":128}},"7":{"start":{"line":14,"column":4},"end":{"line":14,"column":56}},"8":{"start":{"line":16,"column":2},"end":{"line":39,"column":4}}},"fnMap":{"0":{"name":"(anonymous_0)","decl":{"start":{"line":5,"column":14},"end":{"line":5,"column":15}},"loc":{"start":{"line":5,"column":25},"end":{"line":40,"column":1}},"line":5}},"branchMap":{"0":{"loc":{"start":{"line":12,"column":2},"end":{"line":15,"column":3}},"type":"if","locations":[{"start":{"line":12,"column":2},"end":{"line":15,"column":3}},{"start":{"line":12,"column":2},"end":{"line":15,"column":3}}],"line":12}},"s":{"0":1,"1":11,"2":11,"3":11,"4":11,"5":11,"6":8,"7":8,"8":11},"f":{"0":11},"b":{"0":[8,3]},"_coverageSchema":"332fd63041d2c1bcb487cc26dd0d5f7d97098a6c","hash":"ba4b9359e09095e07ff1d191dac75e8269cdd8a1"}
,"/Users/coding/Desktop/FEC-Kickstand/comments-module/test/sampledata.js": {"path":"/Users/coding/Desktop/FEC-Kickstand/comments-module/test/sampledata.js","statementMap":{"0":{"start":{"line":2,"column":13},"end":{"line":27,"column":1}}},"fnMap":{},"branchMap":{},"s":{"0":1},"f":{},"b":{},"_coverageSchema":"332fd63041d2c1bcb487cc26dd0d5f7d97098a6c","hash":"a401bf6d06b0eee7403031cc5a9e680d34ad708c"}
}
