TN:
SF:/Users/coding/Desktop/FEC-Kickstand/comments-module/enzyme.config.js
FNF:0
FNH:0
DA:4,1
LF:1
LH:1
BRF:0
BRH:0
end_of_record
TN:
SF:/Users/coding/Desktop/FEC-Kickstand/comments-module/client/src/components/App.jsx
FN:7,(anonymous_0)
FN:14,(anonymous_1)
FN:15,(anonymous_2)
FN:22,(anonymous_3)
FNF:4
FNH:3
FNDA:1,(anonymous_0)
FNDA:1,(anonymous_1)
FNDA:0,(anonymous_2)
FNDA:1,(anonymous_3)
DA:8,1
DA:9,1
DA:15,1
DA:16,0
DA:23,1
LF:5
LH:4
BRF:0
BRH:0
end_of_record
TN:
SF:/Users/coding/Desktop/FEC-Kickstand/comments-module/client/src/components/Comment.jsx
FN:6,(anonymous_0)
FNF:1
FNH:1
FNDA:11,(anonymous_0)
DA:6,1
DA:7,11
DA:8,11
DA:9,11
DA:12,11
DA:13,3
DA:14,3
DA:16,11
LF:8
LH:8
BRDA:12,0,0,3
BRDA:12,0,1,8
BRF:2
BRH:2
end_of_record
TN:
SF:/Users/coding/Desktop/FEC-Kickstand/comments-module/client/src/components/List.jsx
FN:5,(anonymous_0)
FN:9,(anonymous_1)
FNF:2
FNH:2
FNDA:4,(anonymous_0)
FNDA:12,(anonymous_1)
DA:5,1
DA:6,4
DA:7,4
DA:9,12
LF:4
LH:4
BRF:0
BRH:0
end_of_record
TN:
SF:/Users/coding/Desktop/FEC-Kickstand/comments-module/client/src/components/Post.jsx
FN:4,(anonymous_0)
FNF:1
FNH:1
FNDA:1,(anonymous_0)
DA:4,1
DA:5,1
DA:6,1
LF:3
LH:3
BRF:0
BRH:0
end_of_record
TN:
SF:/Users/coding/Desktop/FEC-Kickstand/comments-module/client/src/components/Replies.jsx
FN:4,(anonymous_0)
FN:8,(anonymous_1)
FNF:2
FNH:2
FNDA:6,(anonymous_0)
FNDA:5,(anonymous_1)
DA:4,1
DA:5,6
DA:6,6
DA:8,5
LF:4
LH:4
BRF:0
BRH:0
end_of_record
TN:
SF:/Users/coding/Desktop/FEC-Kickstand/comments-module/client/src/components/Reply.jsx
FN:5,(anonymous_0)
FNF:1
FNH:1
FNDA:11,(anonymous_0)
DA:5,1
DA:6,11
DA:7,11
DA:8,11
DA:11,11
DA:12,11
DA:13,8
DA:14,8
DA:16,11
LF:9
LH:9
BRDA:12,0,0,8
BRDA:12,0,1,3
BRF:2
BRH:2
end_of_record
TN:
SF:/Users/coding/Desktop/FEC-Kickstand/comments-module/test/sampledata.js
FNF:0
FNH:0
DA:2,1
LF:1
LH:1
BRF:0
BRH:0
end_of_record
